R Execution Log
===============
Timestamp: 2026-02-07T06:24:58.056Z
Status: FAILED

--- STDOUT ---
[1] "Loaded 5098 rows and 530 columns"
[1] "Created stacked_loop_1: 10196 rows ( 5098 x 2 iterations)"
[1] "Created stacked_loop_2: 10196 rows ( 5098 x 2 iterations)"
[1] "Created stacked_loop_3: 10196 rows ( 5098 x 2 iterations)"
[1] "Created stacked_loop_4: 10196 rows ( 5098 x 2 iterations)"
[1] "Created stacked_loop_5: 10196 rows ( 5098 x 2 iterations)"
[1] "Created stacked_loop_6: 10196 rows ( 5098 x 2 iterations)"
[1] "Defined 21 cuts in 3 groups"
[1] "Generated demo table: _demo_banner_x_banner"
[1] "Generated frequency table: s1"
[1] "Generated mean_rows table: s2"
[1] "Generated frequency table: s3"
[1] "Generated frequency table: s5"
[1] "Generated frequency table: s6"
[1] "Generated frequency table: s6a"
[1] "Generated frequency table: s7"
[1] "Generated mean_rows table: s8"
[1] "Generated frequency table: s8_binned"
[1] "Generated mean_rows table: s9"
[1] "Generated frequency table: s10a"
[1] "Generated frequency table: s10b"
[1] "Generated frequency table: s10c"
[1] "Generated frequency table: s11a"
[1] "Generated frequency table: s11b"
[1] "Generated frequency table: s11c"
[1] "Generated frequency table: a2"
[1] "Generated frequency table: a3"
[1] "Generated frequency table: a4"
[1] "Generated frequency table: a5"
[1] "Generated frequency table: a6"
[1] "Generated frequency table: a8"


--- STDERR ---

Attaching package: ‘dplyr’

The following objects are masked from ‘package:stats’:

    filter, lag

The following objects are masked from ‘package:base’:

    intersect, setdiff, setequal, union

Warning message:
`..1$A18` and `..2$A18` have conflicting value labels.
ℹ Labels for these values will be taken from `..1$A18`.
✖ Values: 4 
Error in eval(parse(text = "A9r1 != 1")) : object 'A9r1' not found
Calls: with -> with.default -> eval -> eval -> eval -> eval
Execution halted
